<?xml version="1.0" encoding="UTF-8"?>
<!-- Generated by org.testng.reporters.JUnitReportReporter -->
<testsuite hostname="AkhilaLaptop" failures="0" tests="2" name="com.tests.HomePageTest" time="21.669" errors="0" timestamp="2023-04-06T21:19:45 IST" skipped="0">
  <testcase classname="com.tests.HomePageTest" name="dashboardDisplayTest" time="9.787"/>
  <system-out/>
  <testcase classname="com.tests.HomePageTest" name="logoutButtonDisplayTest" time="11.882"/>
  <system-out/>
</testsuite> <!-- com.tests.HomePageTest -->
